<?xml version="1.0" encoding="UTF-8"?>
<Site BuildName="Darwin-g++-12"
	BuildStamp="20230424-1422-Experimental"
	Name="vivaBM.local"
	Generator="ctest-3.26.3"
	CompilerName="/usr/local/bin/g++-12"
	CompilerVersion="12.2.0"
	OSName="Mac OS X"
	Hostname="vivaBM.local"
	OSRelease="10.15.7"
	OSVersion="19H2026"
	OSPlatform="x86_64"
	Is64Bits="1"
	VendorString="GenuineIntel"
	VendorID="Intel Corporation"
	FamilyID="6"
	ModelID="60"
	ProcessorCacheSize="32768"
	NumberOfLogicalCPU="4"
	NumberOfPhysicalCPU="4"
	TotalVirtualMemory="0"
	TotalPhysicalMemory="32768"
	LogicalProcessorsPerPhysical="8"
	ProcessorClockFrequency="3400"
	>
	<Testing>
		<StartDateTime>Apr 24 23:22 KST</StartDateTime>
		<StartTestTime>1682346176</StartTestTime>
		<TestList/>
		<EndDateTime>Apr 24 23:22 KST</EndDateTime>
		<EndTestTime>1682346176</EndTestTime>
		<ElapsedMinutes>0</ElapsedMinutes>
	</Testing>
</Site>
